<?xml version="1.0" encoding="UTF-8"?>
<!-- Generated by org.testng.reporters.JUnitReportReporter -->
<testsuite hostname="WAZED-MacBook-Pro.local" name="com.gmailtestpage.qa.FunctionalTest" tests="1" failures="0" timestamp="16 Jul 2016 05:44:24 GMT" time="19.768" errors="0">
  <testcase name="validLoginTest" time="19.768" classname="com.gmailtestpage.qa.FunctionalTest"/>
</testsuite> <!-- com.gmailtestpage.qa.FunctionalTest -->
