<?xml version="1.0" encoding="UTF-8"?>
<!-- Generated by org.testng.reporters.JUnitReportReporter -->
<testsuite hostname="WAZED-MacBook-Pro.local" name="com.gmailtestpage.qa.FunctionalTest" tests="2" failures="0" timestamp="17 Jul 2016 06:07:46 GMT" time="28.265" errors="0">
  <testcase name="validLoginTest" time="18.660" classname="com.gmailtestpage.qa.FunctionalTest"/>
  <testcase name="invalidUserTest" time="9.605" classname="com.gmailtestpage.qa.FunctionalTest"/>
</testsuite> <!-- com.gmailtestpage.qa.FunctionalTest -->
